[2.435s] Invoking command in '/home/user/ros2_emo_voice/build/emo_voice_interfaces': CMAKE_PREFIX_PATH=${CMAKE_PREFIX_PATH}:/home/user/ros2_emo_voice/install/emo_voice:/home/user/ros2_ws/install/mytest:/opt/ros/humble /usr/bin/cmake --build /home/user/ros2_emo_voice/build/emo_voice_interfaces -- -j2 -l2
[3.537s] -- Found ament_cmake: 1.3.6 (/opt/ros/humble/share/ament_cmake/cmake)
[4.535s] -- Found rosidl_default_generators: 1.2.0 (/opt/ros/humble/share/rosidl_default_generators/cmake)
[4.592s] -- Using all available rosidl_typesupport_c: rosidl_typesupport_fastrtps_c;rosidl_typesupport_introspection_c
[4.669s] -- Found rosidl_adapter: 3.1.5 (/opt/ros/humble/share/rosidl_adapter/cmake)
[5.541s] -- Using all available rosidl_typesupport_cpp: rosidl_typesupport_fastrtps_cpp;rosidl_typesupport_introspection_cpp
[7.646s] [31mCMake Error at /opt/ros/humble/share/rosidl_adapter/cmake/rosidl_adapt_interfaces.cmake:59 (message):
[7.647s]   execute_process(/usr/bin/python3.10 -m rosidl_adapter --package-name
[7.647s]   emo_voice_interfaces --arguments-file
[7.647s]   /home/user/ros2_emo_voice/build/emo_voice_interfaces/rosidl_adapter__arguments__emo_voice_interfaces.json
[7.648s]   --output-dir
[7.648s]   /home/user/ros2_emo_voice/build/emo_voice_interfaces/rosidl_adapter/emo_voice_interfaces
[7.648s]   --output-file
[7.648s]   /home/user/ros2_emo_voice/build/emo_voice_interfaces/rosidl_adapter/emo_voice_interfaces.idls)
[7.649s]   returned error code 1:
[7.649s] 
[7.649s]   Error processing 'bytes text' of 'emo_voice_interfaces/GenText_Response':
[7.649s]   ''bytes' is an invalid message name.  It should have the pattern
[7.650s]   '^[A-Z][A-Za-z0-9]*$''
[7.650s] 
[7.650s]   Traceback (most recent call last):
[7.650s] 
[7.651s]     File "/usr/lib/python3.10/runpy.py", line 196, in _run_module_as_main
[7.651s]       return _run_code(code, main_globals, None,
[7.651s]     File "/usr/lib/python3.10/runpy.py", line 86, in _run_code
[7.651s]       exec(code, run_globals)
[7.652s]     File "/opt/ros/humble/local/lib/python3.10/dist-packages/rosidl_adapter/__main__.py", line 19, in <module>
[7.652s]       sys.exit(main())
[7.653s]     File "/opt/ros/humble/local/lib/python3.10/dist-packages/rosidl_adapter/main.py", line 53, in main
[7.653s]       abs_idl_file = convert_to_idl(
[7.653s]     File "/opt/ros/humble/local/lib/python3.10/dist-packages/rosidl_adapter/__init__.py", line 24, in convert_to_idl
[7.654s]       return convert_srv_to_idl(
[7.654s]     File "/opt/ros/humble/local/lib/python3.10/dist-packages/rosidl_adapter/srv/__init__.py", line 28, in convert_srv_to_idl
[7.655s]       srv = parse_service_string(package_name, input_file.stem, content)
[7.659s]     File "/opt/ros/humble/local/lib/python3.10/dist-packages/rosidl_adapter/parser.py", line 863, in parse_service_string
[7.660s]       response_message = parse_message_string(
[7.660s]     File "/opt/ros/humble/local/lib/python3.10/dist-packages/rosidl_adapter/parser.py", line 520, in parse_message_string
[7.660s]       Type(type_string, context_package_name=pkg_name),
[7.661s]     File "/opt/ros/humble/local/lib/python3.10/dist-packages/rosidl_adapter/parser.py", line 277, in __init__
[7.661s]       super(Type, self).__init__(
[7.661s]     File "/opt/ros/humble/local/lib/python3.10/dist-packages/rosidl_adapter/parser.py", line 205, in __init__
[7.662s]       raise InvalidResourceName(
[7.662s] 
[7.662s]   rosidl_adapter.parser.InvalidResourceName: 'bytes' is an invalid message
[7.662s]   name.  It should have the pattern '^[A-Z][A-Za-z0-9]*$'
[7.663s] 
[7.663s] Call Stack (most recent call first):
[7.663s]   /opt/ros/humble/share/rosidl_cmake/cmake/rosidl_generate_interfaces.cmake:130 (rosidl_adapt_interfaces)
[7.663s]   CMakeLists.txt:15 (rosidl_generate_interfaces)
[7.664s] 
[7.665s] [0m
[7.673s] -- Configuring incomplete, errors occurred!
[7.674s] See also "/home/user/ros2_emo_voice/build/emo_voice_interfaces/CMakeFiles/CMakeOutput.log".
[7.721s] gmake: *** [Makefile:747: cmake_check_build_system] Error 1
[7.734s] Invoked command in '/home/user/ros2_emo_voice/build/emo_voice_interfaces' returned '2': CMAKE_PREFIX_PATH=${CMAKE_PREFIX_PATH}:/home/user/ros2_emo_voice/install/emo_voice:/home/user/ros2_ws/install/mytest:/opt/ros/humble /usr/bin/cmake --build /home/user/ros2_emo_voice/build/emo_voice_interfaces -- -j2 -l2
